<?xml version="1.0" encoding="UTF-8"?>
<!-- Generated by org.testng.reporters.JUnitReportReporter -->
<testsuite skipped="0" hostname="bahatka" name="SoftClub.LogOutTest" tests="1" failures="0" timestamp="08 янв 2019 11:50:12 GMT" time="9.983" errors="0">
  <testcase name="logOutUser" time="9.983" classname="SoftClub.LogOutTest"/>
</testsuite> <!-- SoftClub.LogOutTest -->
