<?xml version="1.0" encoding="UTF-8"?>
<!-- Generated by org.testng.reporters.JUnitReportReporter -->
<testsuite skipped="0" hostname="bahatka" name="SoftClub.AuthorizationPageTest" tests="1" failures="0" timestamp="08 янв 2019 11:50:12 GMT" time="13.561" errors="0">
  <testcase name="logIn" time="13.561" classname="SoftClub.AuthorizationPageTest"/>
</testsuite> <!-- SoftClub.AuthorizationPageTest -->
