<?xml version="1.0" encoding="UTF-8"?>
<!-- Generated by org.testng.reporters.JUnitReportReporter -->
<testsuite skipped="0" hostname="bahatka" name="SoftClub.SendMessageTest" tests="1" failures="0" timestamp="08 янв 2019 11:50:12 GMT" time="12.980" errors="0">
  <testcase name="sendMessage" time="12.980" classname="SoftClub.SendMessageTest"/>
</testsuite> <!-- SoftClub.SendMessageTest -->
